<?xml version="1.0" encoding="UTF-8"?>
<!-- Generated by org.testng.reporters.JUnitReportReporter -->
<testsuite hostname="ZAUSVDISUBISWAS" name="com.poc.ReportingStructure.BPA_Smoke_Login_TC001" tests="18" failures="0" timestamp="3 Feb 2017 09:03:05 GMT" time="10.737" errors="0">
  <testcase name="verify_execution" time="1.954" classname="com.poc.ReportingStructure.BPA_Smoke_Login_TC001"/>
  <testcase name="verify_execution" time="0.064" classname="com.poc.ReportingStructure.BPA_Smoke_Login_TC001"/>
  <testcase name="verify_execution" time="0.293" classname="com.poc.ReportingStructure.BPA_Smoke_Login_TC001"/>
  <testcase name="verify_execution" time="0.000" classname="com.poc.ReportingStructure.BPA_Smoke_Login_TC001"/>
  <testcase name="verify_execution" time="0.277" classname="com.poc.ReportingStructure.BPA_Smoke_Login_TC001"/>
  <testcase name="verify_execution" time="0.437" classname="com.poc.ReportingStructure.BPA_Smoke_Login_TC001"/>
  <testcase name="verify_execution" time="0.336" classname="com.poc.ReportingStructure.BPA_Smoke_Login_TC001"/>
  <testcase name="verify_execution" time="0.338" classname="com.poc.ReportingStructure.BPA_Smoke_Login_TC001"/>
  <testcase name="verify_execution" time="0.001" classname="com.poc.ReportingStructure.BPA_Smoke_Login_TC001"/>
  <testcase name="verify_execution" time="0.339" classname="com.poc.ReportingStructure.BPA_Smoke_Login_TC001"/>
  <testcase name="verify_execution" time="4.497" classname="com.poc.ReportingStructure.BPA_Smoke_Login_TC001"/>
  <testcase name="verify_execution" time="0.072" classname="com.poc.ReportingStructure.BPA_Smoke_Login_TC001"/>
  <testcase name="verify_execution" time="0.175" classname="com.poc.ReportingStructure.BPA_Smoke_Login_TC001"/>
  <testcase name="verify_execution" time="0.500" classname="com.poc.ReportingStructure.BPA_Smoke_Login_TC001"/>
  <testcase name="verify_execution" time="0.002" classname="com.poc.ReportingStructure.BPA_Smoke_Login_TC001"/>
  <testcase name="verify_execution" time="0.231" classname="com.poc.ReportingStructure.BPA_Smoke_Login_TC001"/>
  <testcase name="verify_execution" time="0.993" classname="com.poc.ReportingStructure.BPA_Smoke_Login_TC001"/>
  <testcase name="verify_execution" time="0.228" classname="com.poc.ReportingStructure.BPA_Smoke_Login_TC001"/>
</testsuite> <!-- com.poc.ReportingStructure.BPA_Smoke_Login_TC001 -->
